2024-10-10 00:01:39 [main] INFO  api.test.UserTests - ****** Creating user **********
2024-10-10 00:01:43 [main] INFO  api.test.UserTests - ****** User is created **********
2024-10-10 00:01:43 [main] INFO  api.test.UserTests - ****** Reading user **********
2024-10-10 00:01:44 [main] INFO  api.test.UserTests - ****** User Retrieved **********
2024-10-10 00:01:44 [main] INFO  api.test.UserTests - ****** Updating user **********
2024-10-10 00:01:46 [main] INFO  api.test.UserTests - ****** User updated **********
2024-10-10 00:01:46 [main] INFO  api.test.UserTests - ****** Deleting user **********
2024-10-10 00:01:48 [main] INFO  api.test.UserTests - ****** User deleted **********
2024-10-10 00:02:19 [main] INFO  api.test.UserTests - ****** Creating user **********
2024-10-10 00:02:22 [main] INFO  api.test.UserTests - ****** User is created **********
2024-10-10 00:02:22 [main] INFO  api.test.UserTests - ****** Reading user **********
2024-10-10 00:02:24 [main] INFO  api.test.UserTests - ****** User Retrieved **********
2024-10-10 00:02:24 [main] INFO  api.test.UserTests - ****** Updating user **********
2024-10-10 00:02:25 [main] INFO  api.test.UserTests - ****** User updated **********
2024-10-10 00:02:25 [main] INFO  api.test.UserTests - ****** Deleting user **********
2024-10-10 00:02:27 [main] INFO  api.test.UserTests - ****** User deleted **********
2024-10-10 00:11:30 [main] INFO  api.test.UserTests - ****** Creating user **********
2024-10-10 00:11:34 [main] INFO  api.test.UserTests - ****** User is created **********
2024-10-10 00:11:34 [main] INFO  api.test.UserTests - ****** Reading user **********
2024-10-10 00:11:36 [main] INFO  api.test.UserTests - ****** User Retrieved **********
2024-10-10 00:11:36 [main] INFO  api.test.UserTests - ****** Updating user **********
2024-10-10 00:11:37 [main] INFO  api.test.UserTests - ****** User updated **********
2024-10-10 00:11:37 [main] INFO  api.test.UserTests - ****** Deleting user **********
2024-10-10 00:11:39 [main] INFO  api.test.UserTests - ****** User deleted **********
